<?xml version="1.0" encoding="UTF-8" ?>
<testsuites errors="0"
            failures="1"
            tests="1">

  <testsuite name="googleTest"
    errors="0" failures="1" hostname="" id="" package="googleTest" skipped="0"
    tests="1" time="12.10" timestamp="">
  
    <testcase name="Google" classname="googleTest" time="12.10" assertions="1">  <failure message="Timed out while waiting for element &lt;body&gt; to be present for 10000 milliseconds. - expected [0;32m&#34;found&#34;[0m but got: [0;31m&#34;not found&#34;[0m">    at Object.Google (C:\DevSquad\repos\nightwatch-selenium-sample\tests\googleTest.js:15:8)
    at processTicksAndRejections (internal/process/task_queues.js:97:5)</failure>

    <failure message="    at Object.Google (C:\DevSquad\repos\nightwatch-selenium-sample\tests\googleTest.js:15:8)">    at processTicksAndRejections (internal/process/task_queues.js:97:5)</failure>
    </testcase>
  

  

  
  </testsuite>
</testsuites>
